[0m17:45:05.990657 [debug] [MainThread]: Sending event: {'category': 'dbt', 'action': 'invocation', 'label': 'start', 'context': [<snowplow_tracker.self_describing_json.SelfDescribingJson object at 0x108c7f980>, <snowplow_tracker.self_describing_json.SelfDescribingJson object at 0x10a052a80>, <snowplow_tracker.self_describing_json.SelfDescribingJson object at 0x10a68d9d0>]}


============================== 17:45:06.002864 | 43cc0133-b747-4702-b358-3456bb314716 ==============================
[0m17:45:06.002864 [info ] [MainThread]: Running with dbt=1.8.7
[0m17:45:06.003911 [debug] [MainThread]: running dbt with arguments {'printer_width': '80', 'indirect_selection': 'eager', 'write_json': 'True', 'log_cache_events': 'False', 'partial_parse': 'True', 'cache_selected_only': 'False', 'warn_error': 'None', 'debug': 'False', 'fail_fast': 'False', 'log_path': 'logs', 'version_check': 'True', 'profiles_dir': '/Users/patricia-oliveira/.dbt', 'use_colors': 'True', 'use_experimental_parser': 'False', 'empty': 'None', 'quiet': 'False', 'no_print': 'None', 'warn_error_options': 'WarnErrorOptions(include=[], exclude=[])', 'introspect': 'True', 'static_parser': 'True', 'log_format': 'default', 'target_path': 'None', 'invocation_command': 'dbt debug', 'send_anonymous_usage_stats': 'True'}
[0m17:45:06.090077 [info ] [MainThread]: dbt version: 1.8.7
[0m17:45:06.090807 [info ] [MainThread]: python version: 3.12.0
[0m17:45:06.091415 [info ] [MainThread]: python path: /Users/patricia-oliveira/.pyenv/versions/3.12.0/bin/python3.12
[0m17:45:06.092026 [info ] [MainThread]: os info: macOS-14.7-x86_64-i386-64bit
[0m17:45:10.497932 [info ] [MainThread]: Using profiles dir at /Users/patricia-oliveira/.dbt
[0m17:45:10.498674 [info ] [MainThread]: Using profiles.yml file at /Users/patricia-oliveira/.dbt/profiles.yml
[0m17:45:10.499290 [info ] [MainThread]: Using dbt_project.yml file at /Users/patricia-oliveira/edit/edit-analytics-eng/dbt_project.yml
[0m17:45:10.500924 [info ] [MainThread]: adapter type: postgres
[0m17:45:10.501581 [info ] [MainThread]: adapter version: 1.8.2
[0m17:45:10.502211 [info ] [MainThread]: Configuration:
[0m17:45:10.502803 [info ] [MainThread]:   profiles.yml file [[32mOK found and valid[0m]
[0m17:45:10.503392 [info ] [MainThread]:   dbt_project.yml file [[31mERROR not found[0m]
[0m17:45:10.504194 [info ] [MainThread]: Required dependencies:
[0m17:45:10.505074 [debug] [MainThread]: Executing "git --help"
[0m17:45:10.541267 [debug] [MainThread]: STDOUT: "b"usage: git [-v | --version] [-h | --help] [-C <path>] [-c <name>=<value>]\n           [--exec-path[=<path>]] [--html-path] [--man-path] [--info-path]\n           [-p | --paginate | -P | --no-pager] [--no-replace-objects] [--bare]\n           [--git-dir=<path>] [--work-tree=<path>] [--namespace=<name>]\n           [--config-env=<name>=<envvar>] <command> [<args>]\n\nThese are common Git commands used in various situations:\n\nstart a working area (see also: git help tutorial)\n   clone     Clone a repository into a new directory\n   init      Create an empty Git repository or reinitialize an existing one\n\nwork on the current change (see also: git help everyday)\n   add       Add file contents to the index\n   mv        Move or rename a file, a directory, or a symlink\n   restore   Restore working tree files\n   rm        Remove files from the working tree and from the index\n\nexamine the history and state (see also: git help revisions)\n   bisect    Use binary search to find the commit that introduced a bug\n   diff      Show changes between commits, commit and working tree, etc\n   grep      Print lines matching a pattern\n   log       Show commit logs\n   show      Show various types of objects\n   status    Show the working tree status\n\ngrow, mark and tweak your common history\n   branch    List, create, or delete branches\n   commit    Record changes to the repository\n   merge     Join two or more development histories together\n   rebase    Reapply commits on top of another base tip\n   reset     Reset current HEAD to the specified state\n   switch    Switch branches\n   tag       Create, list, delete or verify a tag object signed with GPG\n\ncollaborate (see also: git help workflows)\n   fetch     Download objects and refs from another repository\n   pull      Fetch from and integrate with another repository or a local branch\n   push      Update remote refs along with associated objects\n\n'git help -a' and 'git help -g' list available subcommands and some\nconcept guides. See 'git help <command>' or 'git help <concept>'\nto read about a specific subcommand or concept.\nSee 'git help git' for an overview of the system.\n""
[0m17:45:10.542708 [debug] [MainThread]: STDERR: "b''"
[0m17:45:10.543944 [info ] [MainThread]:  - git [[32mOK found[0m]

[0m17:45:10.544900 [info ] [MainThread]: Connection:
[0m17:45:10.545596 [info ] [MainThread]:   host: localhost
[0m17:45:10.546190 [info ] [MainThread]:   port: 5432
[0m17:45:10.546764 [info ] [MainThread]:   user: dbt
[0m17:45:10.547336 [info ] [MainThread]:   database: starbucks
[0m17:45:10.548366 [info ] [MainThread]:   schema: public
[0m17:45:10.548951 [info ] [MainThread]:   connect_timeout: 10
[0m17:45:10.549531 [info ] [MainThread]:   role: None
[0m17:45:10.550133 [info ] [MainThread]:   search_path: None
[0m17:45:10.550709 [info ] [MainThread]:   keepalives_idle: 0
[0m17:45:10.551283 [info ] [MainThread]:   sslmode: None
[0m17:45:10.551855 [info ] [MainThread]:   sslcert: None
[0m17:45:10.552426 [info ] [MainThread]:   sslkey: None
[0m17:45:10.553003 [info ] [MainThread]:   sslrootcert: None
[0m17:45:10.553572 [info ] [MainThread]:   application_name: dbt
[0m17:45:10.554147 [info ] [MainThread]:   retries: 1
[0m17:45:10.555270 [info ] [MainThread]: Registered adapter: postgres=1.8.2
[0m17:45:10.573279 [debug] [MainThread]: Acquiring new postgres connection 'debug'
[0m17:45:10.769719 [debug] [MainThread]: Using postgres connection "debug"
[0m17:45:10.770451 [debug] [MainThread]: On debug: select 1 as id
[0m17:45:10.771051 [debug] [MainThread]: Opening a new connection, currently in state init
[0m17:45:10.849260 [debug] [MainThread]: SQL status: SELECT 1 in 0.078 seconds
[0m17:45:10.851053 [debug] [MainThread]: On debug: Close
[0m17:45:10.851737 [info ] [MainThread]:   Connection test: [[32mOK connection ok[0m]

[0m17:45:10.852422 [info ] [MainThread]: [31m1 check failed:[0m
[0m17:45:10.853015 [info ] [MainThread]: Project loading failed for the following reason:
 project path </Users/patricia-oliveira/edit/edit-analytics-eng/dbt_project.yml> not found

[0m17:45:10.864071 [debug] [MainThread]: Resource report: {"command_name": "debug", "command_wall_clock_time": 4.9952254, "process_user_time": 2.409327, "process_kernel_time": 0.621995, "process_mem_max_rss": "103211008", "command_success": false, "process_in_blocks": "0", "process_out_blocks": "0"}
[0m17:45:10.865256 [debug] [MainThread]: Command `dbt debug` failed at 17:45:10.865038 after 5.00 seconds
[0m17:45:10.865997 [debug] [MainThread]: Connection 'debug' was properly closed.
[0m17:45:10.866701 [debug] [MainThread]: Sending event: {'category': 'dbt', 'action': 'invocation', 'label': 'end', 'context': [<snowplow_tracker.self_describing_json.SelfDescribingJson object at 0x10a7a7c50>, <snowplow_tracker.self_describing_json.SelfDescribingJson object at 0x10a3a51c0>, <snowplow_tracker.self_describing_json.SelfDescribingJson object at 0x10a6516d0>]}
[0m17:45:10.867481 [debug] [MainThread]: Flushing usage events
[0m17:50:27.529229 [debug] [MainThread]: Sending event: {'category': 'dbt', 'action': 'invocation', 'label': 'start', 'context': [<snowplow_tracker.self_describing_json.SelfDescribingJson object at 0x1044b12b0>, <snowplow_tracker.self_describing_json.SelfDescribingJson object at 0x104655eb0>, <snowplow_tracker.self_describing_json.SelfDescribingJson object at 0x104655970>]}


============================== 17:50:27.538060 | 9d0d4ab3-7c10-4b09-bab0-6f1263799c4a ==============================
[0m17:50:27.538060 [info ] [MainThread]: Running with dbt=1.8.7
[0m17:50:27.539093 [debug] [MainThread]: running dbt with arguments {'printer_width': '80', 'indirect_selection': 'eager', 'log_cache_events': 'False', 'write_json': 'True', 'partial_parse': 'True', 'cache_selected_only': 'False', 'profiles_dir': '/Users/patricia-oliveira/edit/edit-analytics-eng', 'fail_fast': 'False', 'version_check': 'True', 'log_path': 'logs', 'debug': 'False', 'warn_error': 'None', 'use_colors': 'True', 'use_experimental_parser': 'False', 'empty': 'None', 'quiet': 'False', 'no_print': 'None', 'log_format': 'default', 'static_parser': 'True', 'invocation_command': 'dbt debug', 'introspect': 'True', 'target_path': 'None', 'warn_error_options': 'WarnErrorOptions(include=[], exclude=[])', 'send_anonymous_usage_stats': 'True'}
[0m17:50:27.620491 [info ] [MainThread]: dbt version: 1.8.7
[0m17:50:27.621226 [info ] [MainThread]: python version: 3.12.0
[0m17:50:27.621869 [info ] [MainThread]: python path: /Users/patricia-oliveira/.pyenv/versions/3.12.0/bin/python3.12
[0m17:50:27.622518 [info ] [MainThread]: os info: macOS-14.7-x86_64-i386-64bit
[0m17:50:27.760846 [info ] [MainThread]: Using profiles dir at /Users/patricia-oliveira/edit/edit-analytics-eng
[0m17:50:27.761584 [info ] [MainThread]: Using profiles.yml file at /Users/patricia-oliveira/edit/edit-analytics-eng/profiles.yml
[0m17:50:27.762205 [info ] [MainThread]: Using dbt_project.yml file at /Users/patricia-oliveira/edit/edit-analytics-eng/dbt_project.yml
[0m17:50:27.763510 [info ] [MainThread]: adapter type: postgres
[0m17:50:27.764180 [info ] [MainThread]: adapter version: 1.8.2
[0m17:50:27.764831 [info ] [MainThread]: Configuration:
[0m17:50:27.765489 [info ] [MainThread]:   profiles.yml file [[32mOK found and valid[0m]
[0m17:50:27.766090 [info ] [MainThread]:   dbt_project.yml file [[31mERROR not found[0m]
[0m17:50:27.766688 [info ] [MainThread]: Required dependencies:
[0m17:50:27.767508 [debug] [MainThread]: Executing "git --help"
[0m17:50:27.793418 [debug] [MainThread]: STDOUT: "b"usage: git [-v | --version] [-h | --help] [-C <path>] [-c <name>=<value>]\n           [--exec-path[=<path>]] [--html-path] [--man-path] [--info-path]\n           [-p | --paginate | -P | --no-pager] [--no-replace-objects] [--bare]\n           [--git-dir=<path>] [--work-tree=<path>] [--namespace=<name>]\n           [--config-env=<name>=<envvar>] <command> [<args>]\n\nThese are common Git commands used in various situations:\n\nstart a working area (see also: git help tutorial)\n   clone     Clone a repository into a new directory\n   init      Create an empty Git repository or reinitialize an existing one\n\nwork on the current change (see also: git help everyday)\n   add       Add file contents to the index\n   mv        Move or rename a file, a directory, or a symlink\n   restore   Restore working tree files\n   rm        Remove files from the working tree and from the index\n\nexamine the history and state (see also: git help revisions)\n   bisect    Use binary search to find the commit that introduced a bug\n   diff      Show changes between commits, commit and working tree, etc\n   grep      Print lines matching a pattern\n   log       Show commit logs\n   show      Show various types of objects\n   status    Show the working tree status\n\ngrow, mark and tweak your common history\n   branch    List, create, or delete branches\n   commit    Record changes to the repository\n   merge     Join two or more development histories together\n   rebase    Reapply commits on top of another base tip\n   reset     Reset current HEAD to the specified state\n   switch    Switch branches\n   tag       Create, list, delete or verify a tag object signed with GPG\n\ncollaborate (see also: git help workflows)\n   fetch     Download objects and refs from another repository\n   pull      Fetch from and integrate with another repository or a local branch\n   push      Update remote refs along with associated objects\n\n'git help -a' and 'git help -g' list available subcommands and some\nconcept guides. See 'git help <command>' or 'git help <concept>'\nto read about a specific subcommand or concept.\nSee 'git help git' for an overview of the system.\n""
[0m17:50:27.794755 [debug] [MainThread]: STDERR: "b''"
[0m17:50:27.795414 [info ] [MainThread]:  - git [[32mOK found[0m]

[0m17:50:27.796055 [info ] [MainThread]: Connection:
[0m17:50:27.796700 [info ] [MainThread]:   host: localhost
[0m17:50:27.797303 [info ] [MainThread]:   port: 5432
[0m17:50:27.797889 [info ] [MainThread]:   user: dbt
[0m17:50:27.798473 [info ] [MainThread]:   database: dw_starbucks
[0m17:50:27.799507 [info ] [MainThread]:   schema: public
[0m17:50:27.800101 [info ] [MainThread]:   connect_timeout: 10
[0m17:50:27.801070 [info ] [MainThread]:   role: None
[0m17:50:27.801782 [info ] [MainThread]:   search_path: None
[0m17:50:27.802415 [info ] [MainThread]:   keepalives_idle: 0
[0m17:50:27.803006 [info ] [MainThread]:   sslmode: None
[0m17:50:27.803594 [info ] [MainThread]:   sslcert: None
[0m17:50:27.804183 [info ] [MainThread]:   sslkey: None
[0m17:50:27.804772 [info ] [MainThread]:   sslrootcert: None
[0m17:50:27.805357 [info ] [MainThread]:   application_name: dbt
[0m17:50:27.805943 [info ] [MainThread]:   retries: 1
[0m17:50:27.807018 [info ] [MainThread]: Registered adapter: postgres=1.8.2
[0m17:50:27.818580 [debug] [MainThread]: Acquiring new postgres connection 'debug'
[0m17:50:27.961957 [debug] [MainThread]: Using postgres connection "debug"
[0m17:50:27.962687 [debug] [MainThread]: On debug: select 1 as id
[0m17:50:27.963309 [debug] [MainThread]: Opening a new connection, currently in state init
[0m17:50:28.037428 [debug] [MainThread]: SQL status: SELECT 1 in 0.074 seconds
[0m17:50:28.039167 [debug] [MainThread]: On debug: Close
[0m17:50:28.039892 [info ] [MainThread]:   Connection test: [[32mOK connection ok[0m]

[0m17:50:28.040710 [info ] [MainThread]: [31m1 check failed:[0m
[0m17:50:28.041347 [info ] [MainThread]: Project loading failed for the following reason:
 project path </Users/patricia-oliveira/edit/edit-analytics-eng/dbt_project.yml> not found

[0m17:50:28.046213 [debug] [MainThread]: Resource report: {"command_name": "debug", "command_wall_clock_time": 0.64008266, "process_user_time": 2.411475, "process_kernel_time": 0.568572, "process_mem_max_rss": "102268928", "command_success": false, "process_in_blocks": "0", "process_out_blocks": "0"}
[0m17:50:28.047419 [debug] [MainThread]: Command `dbt debug` failed at 17:50:28.047173 after 0.64 seconds
[0m17:50:28.048295 [debug] [MainThread]: Connection 'debug' was properly closed.
[0m17:50:28.049077 [debug] [MainThread]: Sending event: {'category': 'dbt', 'action': 'invocation', 'label': 'end', 'context': [<snowplow_tracker.self_describing_json.SelfDescribingJson object at 0x1046d7b90>, <snowplow_tracker.self_describing_json.SelfDescribingJson object at 0x105213d10>, <snowplow_tracker.self_describing_json.SelfDescribingJson object at 0x104b67950>]}
[0m17:50:28.049896 [debug] [MainThread]: Flushing usage events
[0m17:51:01.653953 [debug] [MainThread]: Sending event: {'category': 'dbt', 'action': 'invocation', 'label': 'start', 'context': [<snowplow_tracker.self_describing_json.SelfDescribingJson object at 0x1111bf350>, <snowplow_tracker.self_describing_json.SelfDescribingJson object at 0x111b1fbf0>, <snowplow_tracker.self_describing_json.SelfDescribingJson object at 0x111c89af0>]}


============================== 17:51:01.661497 | 7572c959-d513-4af5-98b7-8bf0cb9e9ff2 ==============================
[0m17:51:01.661497 [info ] [MainThread]: Running with dbt=1.8.7
[0m17:51:01.662543 [debug] [MainThread]: running dbt with arguments {'printer_width': '80', 'indirect_selection': 'eager', 'write_json': 'True', 'log_cache_events': 'False', 'partial_parse': 'True', 'cache_selected_only': 'False', 'warn_error': 'None', 'version_check': 'True', 'debug': 'False', 'log_path': 'logs', 'profiles_dir': '/Users/patricia-oliveira/edit/edit-analytics-eng', 'fail_fast': 'False', 'use_colors': 'True', 'use_experimental_parser': 'False', 'empty': 'None', 'quiet': 'False', 'no_print': 'None', 'warn_error_options': 'WarnErrorOptions(include=[], exclude=[])', 'invocation_command': 'dbt init', 'log_format': 'default', 'static_parser': 'True', 'target_path': 'None', 'introspect': 'True', 'send_anonymous_usage_stats': 'True'}
[0m17:51:19.117728 [debug] [MainThread]: Starter project path: /Users/patricia-oliveira/.pyenv/versions/3.12.0/lib/python3.12/site-packages/dbt/include/starter_project
[0m17:51:19.139758 [info ] [MainThread]: 
Your new dbt project "starbucks_dw" was created!

For more information on how to configure the profiles.yml file,
please consult the dbt documentation here:

  https://docs.getdbt.com/docs/configure-your-profile

One more thing:

Need help? Don't hesitate to reach out to us via GitHub issues or on Slack:

  https://community.getdbt.com/

Happy modeling!

[0m17:51:19.140663 [info ] [MainThread]: Setting up your profile.
[0m17:52:14.925705 [info ] [MainThread]: Profile starbucks_dw written to /Users/patricia-oliveira/edit/edit-analytics-eng/profiles.yml using target's profile_template.yml and your supplied values. Run 'dbt debug' to validate the connection.
[0m17:52:14.930235 [debug] [MainThread]: Resource report: {"command_name": "init", "command_success": true, "command_wall_clock_time": 73.39664, "process_user_time": 2.295247, "process_kernel_time": 0.404644, "process_mem_max_rss": "93892608", "process_in_blocks": "0", "process_out_blocks": "0"}
[0m17:52:14.931303 [debug] [MainThread]: Command `dbt init` succeeded at 17:52:14.931114 after 73.40 seconds
[0m17:52:14.932008 [debug] [MainThread]: Sending event: {'category': 'dbt', 'action': 'invocation', 'label': 'end', 'context': [<snowplow_tracker.self_describing_json.SelfDescribingJson object at 0x111b1fbf0>, <snowplow_tracker.self_describing_json.SelfDescribingJson object at 0x111d92330>, <snowplow_tracker.self_describing_json.SelfDescribingJson object at 0x111c4d820>]}
[0m17:52:14.932715 [debug] [MainThread]: Flushing usage events
[0m17:54:34.314419 [debug] [MainThread]: Sending event: {'category': 'dbt', 'action': 'invocation', 'label': 'start', 'context': [<snowplow_tracker.self_describing_json.SelfDescribingJson object at 0x10ef79a60>, <snowplow_tracker.self_describing_json.SelfDescribingJson object at 0x10f09e3c0>, <snowplow_tracker.self_describing_json.SelfDescribingJson object at 0x10f09de50>]}


============================== 17:54:34.324057 | 3c26638e-8429-4de9-a527-1c3839c25924 ==============================
[0m17:54:34.324057 [info ] [MainThread]: Running with dbt=1.8.7
[0m17:54:34.325216 [debug] [MainThread]: running dbt with arguments {'printer_width': '80', 'indirect_selection': 'eager', 'log_cache_events': 'False', 'write_json': 'True', 'partial_parse': 'True', 'cache_selected_only': 'False', 'profiles_dir': './profiles.yml', 'fail_fast': 'False', 'debug': 'False', 'log_path': 'logs', 'version_check': 'True', 'warn_error': 'None', 'use_colors': 'True', 'use_experimental_parser': 'False', 'empty': 'None', 'quiet': 'False', 'no_print': 'None', 'log_format': 'default', 'invocation_command': 'dbt debug --profiles-dir ./profiles.yml', 'static_parser': 'True', 'warn_error_options': 'WarnErrorOptions(include=[], exclude=[])', 'target_path': 'None', 'introspect': 'True', 'send_anonymous_usage_stats': 'True'}
[0m17:54:34.406275 [info ] [MainThread]: dbt version: 1.8.7
[0m17:54:34.407008 [info ] [MainThread]: python version: 3.12.0
[0m17:54:34.407625 [info ] [MainThread]: python path: /Users/patricia-oliveira/.pyenv/versions/3.12.0/bin/python3.12
[0m17:54:34.408226 [info ] [MainThread]: os info: macOS-14.7-x86_64-i386-64bit
[0m17:54:34.408856 [info ] [MainThread]: Using profiles dir at ./profiles.yml
[0m17:54:34.409610 [info ] [MainThread]: Using profiles.yml file at ./profiles.yml/profiles.yml
[0m17:54:34.410206 [info ] [MainThread]: Using dbt_project.yml file at /Users/patricia-oliveira/edit/edit-analytics-eng/dbt_project.yml
[0m17:54:34.410828 [info ] [MainThread]: Configuration:
[0m17:54:34.411417 [info ] [MainThread]:   profiles.yml file [[31mERROR not found[0m]
[0m17:54:34.412009 [info ] [MainThread]:   dbt_project.yml file [[31mERROR not found[0m]
[0m17:54:34.412609 [info ] [MainThread]: Required dependencies:
[0m17:54:34.413449 [debug] [MainThread]: Executing "git --help"
[0m17:54:34.438450 [debug] [MainThread]: STDOUT: "b"usage: git [-v | --version] [-h | --help] [-C <path>] [-c <name>=<value>]\n           [--exec-path[=<path>]] [--html-path] [--man-path] [--info-path]\n           [-p | --paginate | -P | --no-pager] [--no-replace-objects] [--bare]\n           [--git-dir=<path>] [--work-tree=<path>] [--namespace=<name>]\n           [--config-env=<name>=<envvar>] <command> [<args>]\n\nThese are common Git commands used in various situations:\n\nstart a working area (see also: git help tutorial)\n   clone     Clone a repository into a new directory\n   init      Create an empty Git repository or reinitialize an existing one\n\nwork on the current change (see also: git help everyday)\n   add       Add file contents to the index\n   mv        Move or rename a file, a directory, or a symlink\n   restore   Restore working tree files\n   rm        Remove files from the working tree and from the index\n\nexamine the history and state (see also: git help revisions)\n   bisect    Use binary search to find the commit that introduced a bug\n   diff      Show changes between commits, commit and working tree, etc\n   grep      Print lines matching a pattern\n   log       Show commit logs\n   show      Show various types of objects\n   status    Show the working tree status\n\ngrow, mark and tweak your common history\n   branch    List, create, or delete branches\n   commit    Record changes to the repository\n   merge     Join two or more development histories together\n   rebase    Reapply commits on top of another base tip\n   reset     Reset current HEAD to the specified state\n   switch    Switch branches\n   tag       Create, list, delete or verify a tag object signed with GPG\n\ncollaborate (see also: git help workflows)\n   fetch     Download objects and refs from another repository\n   pull      Fetch from and integrate with another repository or a local branch\n   push      Update remote refs along with associated objects\n\n'git help -a' and 'git help -g' list available subcommands and some\nconcept guides. See 'git help <command>' or 'git help <concept>'\nto read about a specific subcommand or concept.\nSee 'git help git' for an overview of the system.\n""
[0m17:54:34.439869 [debug] [MainThread]: STDERR: "b''"
[0m17:54:34.440606 [info ] [MainThread]:  - git [[32mOK found[0m]

[0m17:54:34.441286 [info ] [MainThread]: Connection test skipped since no profile was found
[0m17:54:34.442168 [info ] [MainThread]: [31m2 checks failed:[0m
[0m17:54:34.442820 [info ] [MainThread]: dbt looked for a profiles.yml file in ./profiles.yml/profiles.yml, but did
not find one. For more information on configuring your profile, consult the
documentation:

https://docs.getdbt.com/docs/configure-your-profile


[0m17:54:34.443467 [info ] [MainThread]: Project loading failed for the following reason:
 project path </Users/patricia-oliveira/edit/edit-analytics-eng/dbt_project.yml> not found

[0m17:54:34.448398 [debug] [MainThread]: Resource report: {"command_name": "debug", "command_wall_clock_time": 0.2462896, "process_user_time": 2.209407, "process_kernel_time": 0.411174, "process_mem_max_rss": "91344896", "command_success": false, "process_in_blocks": "0", "process_out_blocks": "0"}
[0m17:54:34.449993 [debug] [MainThread]: Command `dbt debug` failed at 17:54:34.449736 after 0.25 seconds
[0m17:54:34.451136 [debug] [MainThread]: Sending event: {'category': 'dbt', 'action': 'invocation', 'label': 'end', 'context': [<snowplow_tracker.self_describing_json.SelfDescribingJson object at 0x10f114e30>, <snowplow_tracker.self_describing_json.SelfDescribingJson object at 0x10ec1da90>, <snowplow_tracker.self_describing_json.SelfDescribingJson object at 0x10e3079b0>]}
[0m17:54:34.452025 [debug] [MainThread]: Flushing usage events
[0m17:55:01.590974 [debug] [MainThread]: Sending event: {'category': 'dbt', 'action': 'invocation', 'label': 'start', 'context': [<snowplow_tracker.self_describing_json.SelfDescribingJson object at 0x11178d160>, <snowplow_tracker.self_describing_json.SelfDescribingJson object at 0x11219e2d0>, <snowplow_tracker.self_describing_json.SelfDescribingJson object at 0x11219dcd0>]}


============================== 17:55:01.599489 | 43163c73-7626-47ca-a307-fdcfd2b14ca0 ==============================
[0m17:55:01.599489 [info ] [MainThread]: Running with dbt=1.8.7
[0m17:55:01.600644 [debug] [MainThread]: running dbt with arguments {'printer_width': '80', 'indirect_selection': 'eager', 'log_cache_events': 'False', 'write_json': 'True', 'partial_parse': 'True', 'cache_selected_only': 'False', 'profiles_dir': './', 'debug': 'False', 'version_check': 'True', 'log_path': 'logs', 'warn_error': 'None', 'fail_fast': 'False', 'use_colors': 'True', 'use_experimental_parser': 'False', 'no_print': 'None', 'quiet': 'False', 'empty': 'None', 'warn_error_options': 'WarnErrorOptions(include=[], exclude=[])', 'static_parser': 'True', 'log_format': 'default', 'introspect': 'True', 'target_path': 'None', 'invocation_command': 'dbt debug --profiles-dir ./', 'send_anonymous_usage_stats': 'True'}
[0m17:55:01.682890 [info ] [MainThread]: dbt version: 1.8.7
[0m17:55:01.683622 [info ] [MainThread]: python version: 3.12.0
[0m17:55:01.684262 [info ] [MainThread]: python path: /Users/patricia-oliveira/.pyenv/versions/3.12.0/bin/python3.12
[0m17:55:01.684892 [info ] [MainThread]: os info: macOS-14.7-x86_64-i386-64bit
[0m17:55:01.824236 [info ] [MainThread]: Using profiles dir at ./
[0m17:55:01.824966 [info ] [MainThread]: Using profiles.yml file at ./profiles.yml
[0m17:55:01.825595 [info ] [MainThread]: Using dbt_project.yml file at /Users/patricia-oliveira/edit/edit-analytics-eng/dbt_project.yml
[0m17:55:01.826841 [info ] [MainThread]: adapter type: postgres
[0m17:55:01.827462 [info ] [MainThread]: adapter version: 1.8.2
[0m17:55:01.828097 [info ] [MainThread]: Configuration:
[0m17:55:01.828693 [info ] [MainThread]:   profiles.yml file [[32mOK found and valid[0m]
[0m17:55:01.829290 [info ] [MainThread]:   dbt_project.yml file [[31mERROR not found[0m]
[0m17:55:01.830021 [info ] [MainThread]: Required dependencies:
[0m17:55:01.830841 [debug] [MainThread]: Executing "git --help"
[0m17:55:01.865135 [debug] [MainThread]: STDOUT: "b"usage: git [-v | --version] [-h | --help] [-C <path>] [-c <name>=<value>]\n           [--exec-path[=<path>]] [--html-path] [--man-path] [--info-path]\n           [-p | --paginate | -P | --no-pager] [--no-replace-objects] [--bare]\n           [--git-dir=<path>] [--work-tree=<path>] [--namespace=<name>]\n           [--config-env=<name>=<envvar>] <command> [<args>]\n\nThese are common Git commands used in various situations:\n\nstart a working area (see also: git help tutorial)\n   clone     Clone a repository into a new directory\n   init      Create an empty Git repository or reinitialize an existing one\n\nwork on the current change (see also: git help everyday)\n   add       Add file contents to the index\n   mv        Move or rename a file, a directory, or a symlink\n   restore   Restore working tree files\n   rm        Remove files from the working tree and from the index\n\nexamine the history and state (see also: git help revisions)\n   bisect    Use binary search to find the commit that introduced a bug\n   diff      Show changes between commits, commit and working tree, etc\n   grep      Print lines matching a pattern\n   log       Show commit logs\n   show      Show various types of objects\n   status    Show the working tree status\n\ngrow, mark and tweak your common history\n   branch    List, create, or delete branches\n   commit    Record changes to the repository\n   merge     Join two or more development histories together\n   rebase    Reapply commits on top of another base tip\n   reset     Reset current HEAD to the specified state\n   switch    Switch branches\n   tag       Create, list, delete or verify a tag object signed with GPG\n\ncollaborate (see also: git help workflows)\n   fetch     Download objects and refs from another repository\n   pull      Fetch from and integrate with another repository or a local branch\n   push      Update remote refs along with associated objects\n\n'git help -a' and 'git help -g' list available subcommands and some\nconcept guides. See 'git help <command>' or 'git help <concept>'\nto read about a specific subcommand or concept.\nSee 'git help git' for an overview of the system.\n""
[0m17:55:01.866580 [debug] [MainThread]: STDERR: "b''"
[0m17:55:01.867316 [info ] [MainThread]:  - git [[32mOK found[0m]

[0m17:55:01.868197 [info ] [MainThread]: Connection:
[0m17:55:01.869005 [info ] [MainThread]:   host: localhost
[0m17:55:01.869625 [info ] [MainThread]:   port: 5432
[0m17:55:01.870216 [info ] [MainThread]:   user: dbt
[0m17:55:01.870800 [info ] [MainThread]:   database: dw_starbucks
[0m17:55:01.871839 [info ] [MainThread]:   schema: public
[0m17:55:01.872494 [info ] [MainThread]:   connect_timeout: 10
[0m17:55:01.873179 [info ] [MainThread]:   role: None
[0m17:55:01.873784 [info ] [MainThread]:   search_path: None
[0m17:55:01.874379 [info ] [MainThread]:   keepalives_idle: 0
[0m17:55:01.874955 [info ] [MainThread]:   sslmode: None
[0m17:55:01.875528 [info ] [MainThread]:   sslcert: None
[0m17:55:01.876103 [info ] [MainThread]:   sslkey: None
[0m17:55:01.876675 [info ] [MainThread]:   sslrootcert: None
[0m17:55:01.877247 [info ] [MainThread]:   application_name: dbt
[0m17:55:01.877828 [info ] [MainThread]:   retries: 1
[0m17:55:01.878953 [info ] [MainThread]: Registered adapter: postgres=1.8.2
[0m17:55:01.891050 [debug] [MainThread]: Acquiring new postgres connection 'debug'
[0m17:55:02.027374 [debug] [MainThread]: Using postgres connection "debug"
[0m17:55:02.028103 [debug] [MainThread]: On debug: select 1 as id
[0m17:55:02.028714 [debug] [MainThread]: Opening a new connection, currently in state init
[0m17:55:02.101656 [debug] [MainThread]: SQL status: SELECT 1 in 0.073 seconds
[0m17:55:02.103471 [debug] [MainThread]: On debug: Close
[0m17:55:02.104302 [info ] [MainThread]:   Connection test: [[32mOK connection ok[0m]

[0m17:55:02.105112 [info ] [MainThread]: [31m1 check failed:[0m
[0m17:55:02.105720 [info ] [MainThread]: Project loading failed for the following reason:
 project path </Users/patricia-oliveira/edit/edit-analytics-eng/dbt_project.yml> not found

[0m17:55:02.110654 [debug] [MainThread]: Resource report: {"command_name": "debug", "command_wall_clock_time": 0.6324717, "process_user_time": 2.360811, "process_kernel_time": 0.473993, "process_mem_max_rss": "103206912", "command_success": false, "process_in_blocks": "0", "process_out_blocks": "0"}
[0m17:55:02.111821 [debug] [MainThread]: Command `dbt debug` failed at 17:55:02.111619 after 0.63 seconds
[0m17:55:02.112557 [debug] [MainThread]: Connection 'debug' was properly closed.
[0m17:55:02.113258 [debug] [MainThread]: Sending event: {'category': 'dbt', 'action': 'invocation', 'label': 'end', 'context': [<snowplow_tracker.self_describing_json.SelfDescribingJson object at 0x11207bec0>, <snowplow_tracker.self_describing_json.SelfDescribingJson object at 0x111bf05c0>, <snowplow_tracker.self_describing_json.SelfDescribingJson object at 0x111b36ea0>]}
[0m17:55:02.114024 [debug] [MainThread]: Flushing usage events
